<?xml version="1.0" encoding="UTF-8"?>
<!-- Generated by org.testng.reporters.JUnitReportReporter -->
<testsuite skipped="0" hostname="DESKTOP-MLDS2HN" name="com.my6.testcases.Testrunner" tests="1" failures="0" timestamp="21 May 2019 11:13:43 GMT" time="28.812" errors="0">
  <testcase name="login" time="28.812" classname="com.my6.testcases.Testrunner"/>
</testsuite> <!-- com.my6.testcases.Testrunner -->
